{
  "RSpec": {
    "coverage": {
      "/Users/code/NTHU/2022_Fall/SOA/soa_api/require_app.rb": {
        "lines": [
          null,
          null,
          null,
          null,
          null,
          null,
          null,
          null,
          1,
          5,
          1,
          null,
          1,
          23,
          null,
          null
        ]
      },
      "/Users/code/NTHU/2022_Fall/SOA/soa_api/config/environment.rb": {
        "lines": [
          null,
          null,
          1,
          1,
          1,
          1,
          null,
          1,
          null,
          1,
          1,
          null,
          null,
          1,
          null,
          1,
          null,
          null,
          null,
          1,
          1,
          null,
          1,
          1,
          null,
          null,
          null,
          1,
          1,
          1,
          null,
          null,
          null,
          null
        ]
      },
      "/Users/code/NTHU/2022_Fall/SOA/soa_api/app/infrastructure/database/category_orm.rb": {
        "lines": [
          null,
          null,
          1,
          null,
          1,
          1,
          null,
          1,
          1,
          null,
          null,
          null,
          1,
          null,
          1,
          31,
          null,
          null,
          null,
          null
        ]
      },
      "/Users/code/NTHU/2022_Fall/SOA/soa_api/app/infrastructure/database/channel_orm.rb": {
        "lines": [
          null,
          null,
          1,
          null,
          1,
          1,
          null,
          1,
          1,
          null,
          null,
          null,
          1,
          null,
          null,
          null,
          1,
          null,
          null,
          null
        ]
      },
      "/Users/code/NTHU/2022_Fall/SOA/soa_api/app/infrastructure/database/comments_orm.rb": {
        "lines": [
          null,
          null,
          1,
          null,
          1,
          1,
          null,
          1,
          1,
          null,
          null,
          null,
          1,
          null,
          null,
          null,
          1,
          null,
          null,
          null
        ]
      },
      "/Users/code/NTHU/2022_Fall/SOA/soa_api/app/infrastructure/database/video_log_orm.rb": {
        "lines": [
          null,
          null,
          1,
          null,
          1,
          1,
          null,
          1,
          1,
          null,
          null,
          null,
          1,
          null,
          null,
          null
        ]
      },
      "/Users/code/NTHU/2022_Fall/SOA/soa_api/app/infrastructure/database/video_orm.rb": {
        "lines": [
          null,
          null,
          1,
          null,
          1,
          1,
          null,
          1,
          1,
          null,
          null,
          null,
          1,
          null,
          null,
          null,
          1,
          null,
          null,
          null,
          1,
          null,
          null,
          null,
          1,
          null,
          null,
          null
        ]
      },
      "/Users/code/NTHU/2022_Fall/SOA/soa_api/app/infrastructure/gateways/http_utils/errors.rb": {
        "lines": [
          null,
          null,
          1,
          null,
          1,
          null,
          1,
          null,
          1,
          null
        ]
      },
      "/Users/code/NTHU/2022_Fall/SOA/soa_api/app/infrastructure/gateways/http_utils/response.rb": {
        "lines": [
          null,
          null,
          1,
          null,
          null,
          1,
          null,
          1,
          null,
          null,
          null,
          null,
          1,
          9,
          null,
          null,
          1,
          4,
          null,
          null
        ]
      },
      "/Users/code/NTHU/2022_Fall/SOA/soa_api/app/infrastructure/gateways/http_utils/youtube_request.rb": {
        "lines": [
          null,
          null,
          1,
          null,
          null,
          1,
          1,
          null,
          1,
          9,
          9,
          9,
          null,
          null,
          1,
          9,
          null,
          9,
          9,
          null,
          null,
          5,
          null,
          null,
          1,
          null,
          1,
          26,
          9,
          null,
          null
        ]
      },
      "/Users/code/NTHU/2022_Fall/SOA/soa_api/app/infrastructure/gateways/youtube_api.rb": {
        "lines": [
          null,
          null,
          1,
          null,
          1,
          1,
          null,
          1,
          1,
          null,
          1,
          9,
          null,
          null,
          1,
          9,
          5,
          null,
          null,
          null,
          null,
          1,
          3,
          null,
          null,
          null,
          1,
          2,
          null,
          null,
          1,
          2,
          null,
          null,
          1,
          2,
          null,
          null,
          null,
          null
        ]
      },
      "/Users/code/NTHU/2022_Fall/SOA/soa_api/app/infrastructure/gateways/youtube_api_filters.rb": {
        "lines": [
          null,
          null,
          1,
          null,
          1,
          1,
          null,
          1,
          1,
          3,
          null,
          null,
          1,
          null,
          2,
          null,
          null,
          null,
          null,
          null,
          1,
          null,
          2,
          null,
          null,
          null,
          null,
          1,
          null,
          2,
          null,
          null,
          null,
          null,
          null,
          null
        ]
      },
      "/Users/code/NTHU/2022_Fall/SOA/soa_api/app/infrastructure/gateways/youtube_constants.rb": {
        "lines": [
          null,
          null,
          1,
          1,
          1,
          null,
          1,
          null
        ]
      },
      "/Users/code/NTHU/2022_Fall/SOA/soa_api/app/models/entities/category.rb": {
        "lines": [
          null,
          null,
          1,
          1,
          null,
          1,
          1,
          null,
          1,
          1,
          null,
          1,
          1,
          1,
          null,
          1,
          31,
          null,
          null,
          null,
          null
        ]
      },
      "/Users/code/NTHU/2022_Fall/SOA/soa_api/app/models/entities/comment.rb": {
        "lines": [
          null,
          null,
          1,
          1,
          null,
          1,
          1,
          null,
          1,
          1,
          null,
          1,
          1,
          1,
          1,
          1,
          1,
          1,
          1,
          1,
          1,
          1,
          1,
          null,
          1,
          0,
          null,
          null,
          null,
          null
        ]
      },
      "/Users/code/NTHU/2022_Fall/SOA/soa_api/app/models/entities/video.rb": {
        "lines": [
          null,
          null,
          1,
          1,
          null,
          1,
          null,
          1,
          1,
          null,
          1,
          1,
          null,
          1,
          1,
          1,
          1,
          1,
          1,
          1,
          1,
          1,
          1,
          1,
          1,
          1,
          null,
          1,
          0,
          null,
          null,
          null,
          null
        ]
      },
      "/Users/code/NTHU/2022_Fall/SOA/soa_api/app/models/entities/video_thumbnail.rb": {
        "lines": [
          null,
          null,
          1,
          1,
          null,
          1,
          1,
          null,
          1,
          1,
          null,
          1,
          1,
          1,
          1,
          1,
          null,
          1,
          0,
          null,
          null,
          null,
          null
        ]
      },
      "/Users/code/NTHU/2022_Fall/SOA/soa_api/app/models/mappers/category_mapper.rb": {
        "lines": [
          null,
          null,
          1,
          1,
          null,
          1,
          1,
          3,
          3,
          3,
          null,
          null,
          1,
          3,
          64,
          null,
          null,
          1,
          62,
          null,
          null,
          null,
          1,
          1,
          62,
          null,
          null,
          1,
          62,
          null,
          null,
          null,
          null,
          null,
          null,
          1,
          null,
          1,
          62,
          null,
          null,
          1,
          62,
          null,
          null,
          null,
          null,
          null
        ]
      },
      "/Users/code/NTHU/2022_Fall/SOA/soa_api/app/models/mappers/comment_mapper.rb": {
        "lines": [
          null,
          null,
          1,
          1,
          null,
          1,
          1,
          2,
          2,
          2,
          null,
          null,
          1,
          2,
          21,
          null,
          null,
          1,
          25,
          null,
          null,
          null,
          1,
          1,
          25,
          null,
          null,
          1,
          25,
          null,
          null,
          null,
          null,
          null,
          null,
          null,
          null,
          null,
          null,
          null,
          null,
          null,
          null,
          null,
          1,
          null,
          1,
          25,
          null,
          null,
          1,
          25,
          null,
          null,
          1,
          25,
          null,
          null,
          1,
          25,
          null,
          null,
          1,
          25,
          null,
          null,
          1,
          25,
          null,
          null,
          1,
          25,
          null,
          null,
          1,
          25,
          null,
          null,
          1,
          25,
          null,
          null,
          1,
          25,
          null,
          null,
          1,
          30,
          null,
          null,
          1,
          null,
          1,
          25,
          null,
          null,
          1,
          25,
          null,
          null,
          1,
          270,
          null,
          null,
          1,
          225,
          null,
          null,
          1,
          225,
          null,
          null,
          1,
          0,
          null,
          null,
          null,
          null,
          null
        ]
      },
      "/Users/code/NTHU/2022_Fall/SOA/soa_api/app/models/mappers/video_mapper.rb": {
        "lines": [
          null,
          null,
          1,
          1,
          null,
          1,
          1,
          4,
          4,
          4,
          null,
          null,
          1,
          2,
          6,
          null,
          null,
          1,
          2,
          1,
          null,
          null,
          1,
          6,
          null,
          null,
          null,
          1,
          1,
          6,
          null,
          null,
          1,
          6,
          null,
          null,
          null,
          null,
          null,
          null,
          null,
          null,
          null,
          null,
          null,
          null,
          null,
          null,
          null,
          null,
          1,
          null,
          1,
          6,
          null,
          null,
          1,
          6,
          null,
          null,
          1,
          6,
          null,
          null,
          1,
          6,
          null,
          null,
          1,
          6,
          null,
          null,
          1,
          6,
          null,
          null,
          1,
          6,
          null,
          null,
          1,
          6,
          null,
          null,
          1,
          6,
          null,
          null,
          1,
          6,
          null,
          null,
          1,
          6,
          null,
          null,
          1,
          6,
          null,
          null,
          1,
          36,
          null,
          null,
          1,
          6,
          null,
          null,
          1,
          24,
          null,
          null,
          null,
          null,
          null
        ]
      },
      "/Users/code/NTHU/2022_Fall/SOA/soa_api/app/models/mappers/video_thumbnail_mapper.rb": {
        "lines": [
          null,
          null,
          1,
          1,
          null,
          1,
          1,
          35,
          null,
          null,
          null,
          1,
          1,
          null,
          1,
          29,
          29,
          null,
          null,
          1,
          29,
          null,
          null,
          null,
          null,
          null,
          null,
          null,
          null,
          1,
          null,
          1,
          29,
          null,
          null,
          1,
          29,
          null,
          null,
          1,
          29,
          null,
          null,
          null,
          null,
          null
        ]
      },
      "/Users/code/NTHU/2022_Fall/SOA/soa_api/app/models/repositories/categories.rb": {
        "lines": [
          null,
          null,
          1,
          1,
          null,
          1,
          1,
          0,
          null,
          null,
          1,
          0,
          null,
          null,
          1,
          0,
          null,
          null,
          1,
          0,
          null,
          null,
          1,
          1,
          1,
          null,
          null,
          1,
          31,
          null,
          31,
          null,
          null,
          null,
          null,
          null,
          null,
          1,
          1,
          31,
          null,
          null,
          null,
          1,
          31,
          null,
          null,
          null,
          null
        ]
      },
      "/Users/code/NTHU/2022_Fall/SOA/soa_api/app/models/repositories/for.rb": {
        "lines": [
          null,
          null,
          1,
          null,
          null,
          null,
          null,
          null,
          1,
          1,
          null,
          1,
          null,
          1,
          null,
          null,
          1,
          32,
          null,
          null,
          1,
          0,
          null,
          null,
          null,
          null
        ]
      },
      "/Users/code/NTHU/2022_Fall/SOA/soa_api/app/controllers/app.rb": {
        "lines": [
          null,
          null,
          1,
          1,
          null,
          1,
          null,
          1,
          1,
          1,
          1,
          1,
          null,
          1,
          0,
          0,
          null,
          null,
          0,
          0,
          null,
          null,
          null,
          0,
          0,
          null,
          0,
          0,
          null,
          0,
          0,
          null,
          0,
          null,
          null,
          null,
          0,
          null,
          null,
          0,
          null,
          0,
          0,
          null,
          0,
          null,
          0,
          null,
          null,
          null,
          null,
          null,
          null,
          null,
          null
        ]
      },
      "/Users/code/NTHU/2022_Fall/SOA/soa_api/spec/helpers/vcr_helper.rb": {
        "lines": [
          null,
          null,
          1,
          1,
          null,
          null,
          1,
          1,
          1,
          null,
          1,
          2,
          2,
          2,
          null,
          null,
          null,
          1,
          9,
          414,
          414,
          null,
          null,
          9,
          null,
          null,
          null,
          null,
          null,
          null,
          1,
          9,
          null,
          null
        ]
      },
      "/Users/code/NTHU/2022_Fall/SOA/soa_api/spec/helpers/database_helper.rb": {
        "lines": [
          null,
          null,
          null,
          1,
          1,
          null,
          1,
          1,
          null,
          1,
          null,
          null
        ]
      },
      "/Users/code/NTHU/2022_Fall/SOA/soa_api/spec/gateway_youtube_spec.rb": {
        "lines": [
          null,
          null,
          1,
          1,
          null,
          1,
          1,
          null,
          1,
          8,
          null,
          null,
          1,
          8,
          null,
          null,
          1,
          1,
          1,
          1,
          null,
          null,
          1,
          1,
          1,
          null,
          null,
          null,
          null,
          null,
          1,
          1,
          1,
          1,
          null,
          null,
          1,
          1,
          1,
          null,
          null,
          null,
          null,
          1,
          1,
          1,
          1,
          null,
          null,
          1,
          1,
          1,
          null,
          null,
          null,
          null,
          1,
          1,
          1,
          1,
          null,
          null,
          1,
          1,
          1,
          null,
          null,
          null,
          null
        ]
      }
    },
    "timestamp": 1667737536
  }
}
