{
  "RSpec": {
    "coverage": {
      "/Users/code/NTHU/2022_Fall/SOA/ufeeling-app/require_app.rb": {
        "lines": [
          null,
          null,
          null,
          null,
          null,
          null,
          null,
          null,
          1,
          6,
          1,
          null,
          1,
          2,
          null,
          null
        ]
      },
      "/Users/code/NTHU/2022_Fall/SOA/ufeeling-app/config/environment.rb": {
        "lines": [
          null,
          null,
          1,
          1,
          1,
          1,
          null,
          1,
          null,
          1,
          1,
          null,
          null,
          1,
          null,
          1,
          null,
          null,
          null,
          1,
          1,
          null,
          1,
          1,
          null,
          null,
          null,
          1,
          null,
          1,
          null,
          null,
          null,
          null
        ]
      },
      "/Users/code/NTHU/2022_Fall/SOA/ufeeling-app/app/infrastructure/database/author_orm.rb": {
        "lines": [
          null,
          null,
          1,
          null,
          1,
          1,
          null,
          1,
          0,
          null,
          null,
          null,
          0,
          null,
          null,
          null,
          0,
          null,
          0,
          0,
          null,
          null,
          null,
          null
        ]
      }
    },
    "timestamp": 1668934194
  }
}
